<?xml version="1.0" encoding="UTF-8"?>
<!-- Generated by org.testng.reporters.JUnitReportReporter -->
<testsuite skipped="0" hostname="ayush-Inspiron-3542" name="Backbase.ComputerDatabase.ComputerDatabaseTests" tests="5" failures="0" timestamp="12 Jun 2018 19:56:46 GMT" time="6.047" errors="0">
  <testcase name="addTest" time="1.187" classname="Backbase.ComputerDatabase.ComputerDatabaseTests"/>
  <testcase name="filterTest" time="1.218" classname="Backbase.ComputerDatabase.ComputerDatabaseTests"/>
  <testcase name="editTest" time="1.378" classname="Backbase.ComputerDatabase.ComputerDatabaseTests"/>
  <testcase name="notAvailableItemTest" time="0.885" classname="Backbase.ComputerDatabase.ComputerDatabaseTests"/>
  <testcase name="deleteTest" time="1.379" classname="Backbase.ComputerDatabase.ComputerDatabaseTests"/>
</testsuite> <!-- Backbase.ComputerDatabase.ComputerDatabaseTests -->
